2023-03-08 10:11:38,992 INFO o.a.j.u.JMeterUtils: Setting Locale to en_EN
2023-03-08 10:11:39,007 INFO o.a.j.JMeter: Loading user properties from: user.properties
2023-03-08 10:11:39,007 INFO o.a.j.JMeter: Loading system properties from: system.properties
2023-03-08 10:11:39,007 INFO o.a.j.JMeter: Copyright (c) 1998-2022 The Apache Software Foundation
2023-03-08 10:11:39,007 INFO o.a.j.JMeter: Version 5.5
2023-03-08 10:11:39,007 INFO o.a.j.JMeter: java.version=17.0.6
2023-03-08 10:11:39,007 INFO o.a.j.JMeter: java.vm.name=OpenJDK 64-Bit Server VM
2023-03-08 10:11:39,007 INFO o.a.j.JMeter: os.name=Windows Server 2022
2023-03-08 10:11:39,007 INFO o.a.j.JMeter: os.arch=amd64
2023-03-08 10:11:39,007 INFO o.a.j.JMeter: os.version=10.0
2023-03-08 10:11:39,007 INFO o.a.j.JMeter: file.encoding=Cp1252
2023-03-08 10:11:39,007 INFO o.a.j.JMeter: java.awt.headless=null
2023-03-08 10:11:39,007 INFO o.a.j.JMeter: Max memory     =1073741824
2023-03-08 10:11:39,007 INFO o.a.j.JMeter: Available Processors =16
2023-03-08 10:11:39,023 INFO o.a.j.JMeter: Default Locale=English (EN)
2023-03-08 10:11:39,023 INFO o.a.j.JMeter: JMeter  Locale=English (EN)
2023-03-08 10:11:39,023 INFO o.a.j.JMeter: JMeterHome=C:\apache-jmeter-5.5
2023-03-08 10:11:39,023 INFO o.a.j.JMeter: user.dir  =C:\apache-jmeter-5.5\bin
2023-03-08 10:11:39,023 INFO o.a.j.JMeter: PWD       =C:\apache-jmeter-5.5\bin
2023-03-08 10:11:39,023 INFO o.a.j.JMeter: IP: 10.1.0.4 Name: AzureSomraj FullName: AzureSomraj.f1lfn53jjdbudjrbemcuhggv4d.bx.internal.cloudapp.net
2023-03-08 10:11:39,023 INFO o.a.j.JMeter: Loaded icon properties from org/apache/jmeter/images/icon.properties
2023-03-08 10:11:39,174 INFO o.a.j.JMeterGuiLauncher: Setting LAF to: laf:com.sun.java.swing.plaf.windows.WindowsClassicLookAndFeel
2023-03-08 10:11:52,101 INFO o.a.j.s.FileServer: Default base='C:\apache-jmeter-5.5\bin'
2023-03-08 10:12:15,968 INFO o.a.j.p.h.s.HTTPSamplerBase: Parser for text/html is org.apache.jmeter.protocol.http.parser.LagartoBasedHtmlParser
2023-03-08 10:12:15,968 INFO o.a.j.p.h.s.HTTPSamplerBase: Parser for application/xhtml+xml is org.apache.jmeter.protocol.http.parser.LagartoBasedHtmlParser
2023-03-08 10:12:15,968 INFO o.a.j.p.h.s.HTTPSamplerBase: Parser for application/xml is org.apache.jmeter.protocol.http.parser.LagartoBasedHtmlParser
2023-03-08 10:12:15,968 INFO o.a.j.p.h.s.HTTPSamplerBase: Parser for text/xml is org.apache.jmeter.protocol.http.parser.LagartoBasedHtmlParser
2023-03-08 10:12:15,968 INFO o.a.j.p.h.s.HTTPSamplerBase: Parser for text/vnd.wap.wml is org.apache.jmeter.protocol.http.parser.RegexpHTMLParser
2023-03-08 10:12:15,968 INFO o.a.j.p.h.s.HTTPSamplerBase: Parser for text/css is org.apache.jmeter.protocol.http.parser.CssParser
2023-03-08 10:13:08,759 INFO o.a.j.s.SampleResult: Note: Sample TimeStamps are START times
2023-03-08 10:13:08,759 INFO o.a.j.s.SampleResult: sampleresult.default.encoding is set to ISO-8859-1
2023-03-08 10:13:08,759 INFO o.a.j.s.SampleResult: sampleresult.useNanoTime=true
2023-03-08 10:13:08,759 INFO o.a.j.s.SampleResult: sampleresult.nanoThreadSleep=5000
2023-03-08 10:13:08,890 INFO o.a.j.v.ViewResultsFullVisualizer: Add JavaFX to your Java installation if you want to use renderer: org.apache.jmeter.visualizers.RenderInBrowser
2023-03-08 10:13:35,587 INFO o.a.j.s.FileServer: Set new base='C:\Users\spaul\Documents'
2023-03-08 10:13:35,712 INFO o.a.j.s.SaveService: Testplan (JMX) version: 2.2. Testlog (JTL) version: 2.2
2023-03-08 10:13:35,728 INFO o.a.j.s.SaveService: Using SaveService properties version 5.0
2023-03-08 10:13:35,728 INFO o.a.j.s.SaveService: Using SaveService properties file encoding UTF-8
2023-03-08 10:13:40,197 INFO o.a.j.e.StandardJMeterEngine: Running the test!
2023-03-08 10:13:40,197 INFO o.a.j.s.SampleEvent: List of sample_variables: []
2023-03-08 10:13:40,197 INFO o.a.j.s.SampleEvent: List of sample_variables: []
2023-03-08 10:13:40,197 INFO o.a.j.e.u.CompoundVariable: Note: Function class names must contain the string: '.functions.'
2023-03-08 10:13:40,197 INFO o.a.j.e.u.CompoundVariable: Note: Function class names must not contain the string: '.gui.'
2023-03-08 10:13:40,217 INFO o.a.j.g.u.JMeterMenuBar: setRunning(true, *local*)
2023-03-08 10:13:40,232 INFO o.a.j.e.StandardJMeterEngine: Starting ThreadGroup: 1 : Thread Group
2023-03-08 10:13:40,232 INFO o.a.j.e.StandardJMeterEngine: Starting 1 threads for group Thread Group.
2023-03-08 10:13:40,232 INFO o.a.j.e.StandardJMeterEngine: Thread will continue on error
2023-03-08 10:13:40,232 INFO o.a.j.t.ThreadGroup: Starting thread group... number=1 threads=1 ramp-up=1 delayedStart=false
2023-03-08 10:13:40,232 INFO o.a.j.t.ThreadGroup: Started thread group number 1
2023-03-08 10:13:40,232 INFO o.a.j.e.StandardJMeterEngine: All thread groups have been started
2023-03-08 10:13:40,232 INFO o.a.j.t.JMeterThread: Thread started: Thread Group 1-1
2023-03-08 10:13:40,232 INFO o.a.j.t.JMeterThread: Thread is done: Thread Group 1-1
2023-03-08 10:13:40,232 INFO o.a.j.t.JMeterThread: Thread finished: Thread Group 1-1
2023-03-08 10:13:40,232 INFO o.a.j.e.StandardJMeterEngine: Notifying test listeners of end of test
2023-03-08 10:13:40,232 INFO o.a.j.g.u.JMeterMenuBar: setRunning(false, *local*)
2023-03-08 10:14:00,775 INFO o.a.j.e.StandardJMeterEngine: Running the test!
2023-03-08 10:14:00,775 INFO o.a.j.s.SampleEvent: List of sample_variables: []
2023-03-08 10:14:00,775 INFO o.a.j.g.u.JMeterMenuBar: setRunning(true, *local*)
2023-03-08 10:14:00,775 INFO o.a.j.e.StandardJMeterEngine: Starting ThreadGroup: 1 : Thread Group
2023-03-08 10:14:00,775 INFO o.a.j.e.StandardJMeterEngine: Starting 1 threads for group Thread Group.
2023-03-08 10:14:00,775 INFO o.a.j.e.StandardJMeterEngine: Thread will continue on error
2023-03-08 10:14:00,775 INFO o.a.j.t.ThreadGroup: Starting thread group... number=1 threads=1 ramp-up=1 delayedStart=false
2023-03-08 10:14:00,775 INFO o.a.j.t.ThreadGroup: Started thread group number 1
2023-03-08 10:14:00,775 INFO o.a.j.e.StandardJMeterEngine: All thread groups have been started
2023-03-08 10:14:00,775 INFO o.a.j.t.JMeterThread: Thread started: Thread Group 1-1
2023-03-08 10:14:00,791 INFO o.a.j.p.h.s.HTTPHCAbstractImpl: Local host = AzureSomraj
2023-03-08 10:14:00,791 INFO o.a.j.p.h.s.HTTPHC4Impl: HTTP request retry count = 0
2023-03-08 10:14:00,853 INFO o.a.j.p.h.s.h.LazyLayeredConnectionSocketFactory: Setting up HTTPS TrustAll Socket Factory
2023-03-08 10:14:00,853 INFO o.a.j.u.JsseSSLManager: Using default SSL protocol: TLS
2023-03-08 10:14:00,853 INFO o.a.j.u.JsseSSLManager: SSL session context: per-thread
2023-03-08 10:14:00,916 INFO o.a.j.u.SSLManager: JmeterKeyStore Location:  type JKS
2023-03-08 10:14:00,916 INFO o.a.j.u.SSLManager: KeyStore created OK
2023-03-08 10:14:00,916 WARN o.a.j.u.SSLManager: Keystore file not found, loading empty keystore
2023-03-08 10:14:01,135 INFO o.a.j.t.JMeterThread: Thread is done: Thread Group 1-1
2023-03-08 10:14:01,135 INFO o.a.j.t.JMeterThread: Thread finished: Thread Group 1-1
2023-03-08 10:14:01,135 INFO o.a.j.e.StandardJMeterEngine: Notifying test listeners of end of test
2023-03-08 10:14:01,135 INFO o.a.j.g.u.JMeterMenuBar: setRunning(false, *local*)
